<?xml version="1.0" encoding="UTF-8"?>
<testsuite xmlns:xsi="http://www.w3.org/2001/XMLSchema-instance" xsi:noNamespaceSchemaLocation="https://maven.apache.org/surefire/maven-surefire-plugin/xsd/surefire-test-report.xsd" name="br.gov.sp.fatec.student.controller.StudentControllerTest" time="0.692" tests="6" errors="0" skipped="0" failures="1">
  <properties>
[...]
</properties>
  <testcase name="findActive_shouldSucceed" classname="br.gov.sp.fatec.student.controller.StudentControllerTest" time="0.128"/>
  <testcase name="login_shouldSucceed" classname="br.gov.sp.fatec.student.controller.StudentControllerTest" time="0.124">
    <failure message="Status expected:&lt;200&gt; but was:&lt;405&gt;" type="java.lang.AssertionError"><![CDATA[java.lang.AssertionError: Status expected:<200> but was:<405>
	at br.gov.sp.fatec.student.controller.StudentControllerTest.login_shouldSucceed(StudentControllerTest.java:129)
]]></failure>
    <system-out><![CDATA[22:38:44.342 [main] DEBUG org.springframework.core.env.StandardEnvironment - Adding PropertySource 'systemProperties' with lowest search precedence
22:38:44.342 [main] DEBUG org.springframework.core.env.StandardEnvironment - Adding PropertySource 'systemEnvironment' with lowest search precedence
22:38:44.342 [main] DEBUG org.springframework.core.env.StandardEnvironment - Initialized StandardEnvironment with PropertySources [MapPropertySource@1121577170 {name='systemProperties', properties={sun.desktop=gnome, awt.toolkit=sun.awt.X11.XToolkit, java.specification.version=11, sun.cpu.isalist=, sun.jnu.encoding=UTF-8, java.class.path=/home/daniellygj/Documents/git/AntenasService/target/test-classes:/home/daniellygj/Documents/git/AntenasService/target/classes:/home/daniellygj/.m2/repository/com/fasterxml/jackson/dataformat/jackson-dataformat-xml/2.10.3/jackson-dataformat-xml-2.10.3.jar:/home/daniellygj/.m2/repository/com/fasterxml/jackson/core/jackson-annotations/2.9.0/jackson-annotations-2.9.0.jar:/home/daniellygj/.m2/repository/com/fasterxml/jackson/core/jackson-databind/2.9.6/jackson-databind-2.9.6.jar:/home/daniellygj/.m2/repository/com/fasterxml/jackson/module/jackson-module-jaxb-annotations/2.9.6/jackson-module-jaxb-annotations-2.9.6.jar:/home/daniellygj/.m2/repository/org/codehaus/woodstox/stax2-api/4.2/stax2-api-4.2.jar:/home/daniellygj/.m2/repository/com/fasterxml/woodstox/woodstox-core/6.1.1/woodstox-core-6.1.1.jar:/home/daniellygj/.m2/repository/org/javassist/javassist/3.23.1-GA/javassist-3.23.1-GA.jar:/home/daniellygj/.m2/repository/org/projectlombok/lombok/1.18.10/lombok-1.18.10.jar:/home/daniellygj/.m2/repository/org/springframework/spring-web/5.0.8.RELEASE/spring-web-5.0.8.RELEASE.jar:/home/daniellygj/.m2/repository/org/springframework/spring-beans/5.0.8.RELEASE/spring-beans-5.0.8.RELEASE.jar:/home/daniellygj/.m2/repository/org/springframework/spring-core/5.0.8.RELEASE/spring-core-5.0.8.RELEASE.jar:/home/daniellygj/.m2/repository/org/springframework/spring-jcl/5.0.8.RELEASE/spring-jcl-5.0.8.RELEASE.jar:/home/daniellygj/.m2/repository/org/springframework/boot/spring-boot-starter-data-jpa/2.0.4.RELEASE/spring-boot-starter-data-jpa-2.0.4.RELEASE.jar:/home/daniellygj/.m2/repository/org/springframework/boot/spring-boot-starter/2.0.4.RELEASE/spring-boot-starter-2.0.4.RELEASE.jar:/home/daniellygj/.m2/repository/org/springframework/boot/spring-boot/2.0.4.RELEASE/spring-boot-2.0.4.RELEASE.jar:/home/daniellygj/.m2/repository/org/springframework/boot/spring-boot-autoconfigure/2.0.4.RELEASE/spring-boot-autoconfigure-2.0.4.RELEASE.jar:/home/daniellygj/.m2/repository/org/springframework/boot/spring-boot-starter-logging/2.0.4.RELEASE/spring-boot-starter-logging-2.0.4.RELEASE.jar:/home/daniellygj/.m2/repository/ch/qos/logback/logback-classic/1.2.3/logback-classic-1.2.3.jar:/home/daniellygj/.m2/repository/ch/qos/logback/logback-core/1.2.3/logback-core-1.2.3.jar:/home/daniellygj/.m2/repository/org/apache/logging/log4j/log4j-to-slf4j/2.10.0/log4j-to-slf4j-2.10.0.jar:/home/daniellygj/.m2/repository/org/apache/logging/log4j/log4j-api/2.10.0/log4j-api-2.10.0.jar:/home/daniellygj/.m2/repository/org/slf4j/jul-to-slf4j/1.7.25/jul-to-slf4j-1.7.25.jar:/home/daniellygj/.m2/repository/javax/annotation/javax.annotation-api/1.3.2/javax.annotation-api-1.3.2.jar:/home/daniellygj/.m2/repository/org/yaml/snakeyaml/1.19/snakeyaml-1.19.jar:/home/daniellygj/.m2/repository/org/springframework/boot/spring-boot-starter-aop/2.0.4.RELEASE/spring-boot-starter-aop-2.0.4.RELEASE.jar:/home/daniellygj/.m2/repository/org/aspectj/aspectjweaver/1.8.13/aspectjweaver-1.8.13.jar:/home/daniellygj/.m2/repository/org/springframework/boot/spring-boot-starter-jdbc/2.0.4.RELEASE/spring-boot-starter-jdbc-2.0.4.RELEASE.jar:/home/daniellygj/.m2/repository/com/zaxxer/HikariCP/2.7.9/HikariCP-2.7.9.jar:/home/daniellygj/.m2/repository/org/springframework/spring-jdbc/5.0.8.RELEASE/spring-jdbc-5.0.8.RELEASE.jar:/home/daniellygj/.m2/repository/org/hibernate/hibernate-core/5.2.17.Final/hibernate-core-5.2.17.Final.jar:/home/daniellygj/.m2/repository/org/jboss/logging/jboss-logging/3.3.2.Final/jboss-logging-3.3.2.Final.jar:/home/daniellygj/.m2/repository/org/hibernate/javax/persistence/hibernate-jpa-2.1-api/1.0.2.Final/hibernate-jpa-2.1-api-1.0.2.Final.jar:/home/daniellygj/.m2/repository/antlr/antlr/2.7.7/antlr-2.7.7.jar:/home/daniellygj/.m2/repository/org/jboss/jandex/2.0.3.Final/jandex-2.0.3.Final.jar:/home/daniellygj/.m2/repository/dom4j/dom4j/1.6.1/dom4j-1.6.1.jar:/home/daniellygj/.m2/repository/org/hibernate/common/hibernate-commons-annotations/5.0.1.Final/hibernate-commons-annotations-5.0.1.Final.jar:/home/daniellygj/.m2/repository/javax/transaction/javax.transaction-api/1.2/javax.transaction-api-1.2.jar:/home/daniellygj/.m2/repository/org/springframework/data/spring-data-jpa/2.0.9.RELEASE/spring-data-jpa-2.0.9.RELEASE.jar:/home/daniellygj/.m2/repository/org/springframework/data/spring-data-commons/2.0.9.RELEASE/spring-data-commons-2.0.9.RELEASE.jar:/home/daniellygj/.m2/repository/org/springframework/spring-orm/5.0.8.RELEASE/spring-orm-5.0.8.RELEASE.jar:/home/daniellygj/.m2/repository/org/springframework/spring-tx/5.0.8.RELEASE/spring-tx-5.0.8.RELEASE.jar:/home/daniellygj/.m2/repository/org/springframework/spring-aspects/5.0.8.RELEASE/spring-aspects-5.0.8.RELEASE.jar:/home/daniellygj/.m2/repository/org/liquibase/liquibase-core/3.4.1/liquibase-core-3.4.1.jar:/home/daniellygj/.m2/repository/org/springframework/boot/spring-boot-starter-security/2.0.4.RELEASE/spring-boot-starter-security-2.0.4.RELEASE.jar:/home/daniellygj/.m2/repository/org/springframework/spring-aop/5.0.8.RELEASE/spring-aop-5.0.8.RELEASE.jar:/home/daniellygj/.m2/repository/org/springframework/security/spring-security-config/5.0.7.RELEASE/spring-security-config-5.0.7.RELEASE.jar:/home/daniellygj/.m2/repository/org/springframework/security/spring-security-core/5.0.7.RELEASE/spring-security-core-5.0.7.RELEASE.jar:/home/daniellygj/.m2/repository/org/springframework/security/spring-security-web/5.0.7.RELEASE/spring-security-web-5.0.7.RELEASE.jar:/home/daniellygj/.m2/repository/org/springframework/spring-expression/5.0.8.RELEASE/spring-expression-5.0.8.RELEASE.jar:/home/daniellygj/.m2/repository/javax/validation/validation-api/2.0.1.Final/validation-api-2.0.1.Final.jar:/home/daniellygj/.m2/repository/org/springframework/boot/spring-boot-starter-test/2.0.4.RELEASE/spring-boot-starter-test-2.0.4.RELEASE.jar:/home/daniellygj/.m2/repository/org/springframework/boot/spring-boot-test/2.0.4.RELEASE/spring-boot-test-2.0.4.RELEASE.jar:/home/daniellygj/.m2/repository/org/springframework/boot/spring-boot-test-autoconfigure/2.0.4.RELEASE/spring-boot-test-autoconfigure-2.0.4.RELEASE.jar:/home/daniellygj/.m2/repository/com/jayway/jsonpath/json-path/2.4.0/json-path-2.4.0.jar:/home/daniellygj/.m2/repository/net/minidev/json-smart/2.3/json-smart-2.3.jar:/home/daniellygj/.m2/repository/net/minidev/accessors-smart/1.2/accessors-smart-1.2.jar:/home/daniellygj/.m2/repository/org/ow2/asm/asm/5.0.4/asm-5.0.4.jar:/home/daniellygj/.m2/repository/org/assertj/assertj-core/3.9.1/assertj-core-3.9.1.jar:/home/daniellygj/.m2/repository/org/hamcrest/hamcrest-core/1.3/hamcrest-core-1.3.jar:/home/daniellygj/.m2/repository/org/hamcrest/hamcrest-library/1.3/hamcrest-library-1.3.jar:/home/daniellygj/.m2/repository/org/skyscreamer/jsonassert/1.5.0/jsonassert-1.5.0.jar:/home/daniellygj/.m2/repository/com/vaadin/external/google/android-json/0.0.20131108.vaadin1/android-json-0.0.20131108.vaadin1.jar:/home/daniellygj/.m2/repository/org/springframework/spring-test/5.0.8.RELEASE/spring-test-5.0.8.RELEASE.jar:/home/daniellygj/.m2/repository/org/xmlunit/xmlunit-core/2.5.1/xmlunit-core-2.5.1.jar:/home/daniellygj/.m2/repository/mysql/mysql-connector-java/5.1.46/mysql-connector-java-5.1.46.jar:/home/daniellygj/.m2/repository/org/springframework/boot/spring-boot-starter-web/2.0.4.RELEASE/spring-boot-starter-web-2.0.4.RELEASE.jar:/home/daniellygj/.m2/repository/org/springframework/boot/spring-boot-starter-json/2.0.4.RELEASE/spring-boot-starter-json-2.0.4.RELEASE.jar:/home/daniellygj/.m2/repository/com/fasterxml/jackson/datatype/jackson-datatype-jdk8/2.9.6/jackson-datatype-jdk8-2.9.6.jar:/home/daniellygj/.m2/repository/com/fasterxml/jackson/datatype/jackson-datatype-jsr310/2.9.6/jackson-datatype-jsr310-2.9.6.jar:/home/daniellygj/.m2/repository/com/fasterxml/jackson/module/jackson-module-parameter-names/2.9.6/jackson-module-parameter-names-2.9.6.jar:/home/daniellygj/.m2/repository/org/springframework/boot/spring-boot-starter-tomcat/2.0.4.RELEASE/spring-boot-starter-tomcat-2.0.4.RELEASE.jar:/home/daniellygj/.m2/repository/org/apache/tomcat/embed/tomcat-embed-core/8.5.32/tomcat-embed-core-8.5.32.jar:/home/daniellygj/.m2/repository/org/apache/tomcat/embed/tomcat-embed-el/8.5.32/tomcat-embed-el-8.5.32.jar:/home/daniellygj/.m2/repository/org/apache/tomcat/embed/tomcat-embed-websocket/8.5.32/tomcat-embed-websocket-8.5.32.jar:/home/daniellygj/.m2/repository/org/hibernate/validator/hibernate-validator/6.0.11.Final/hibernate-validator-6.0.11.Final.jar:/home/daniellygj/.m2/repository/org/openjfx/javafx.base/11.0.0-SNAPSHOT/javafx.base-11.0.0-SNAPSHOT.jar:/home/daniellygj/.m2/repository/org/openjfx/javafx.base/11.0.0-SNAPSHOT/javafx.base-11.0.0-SNAPSHOT-linux.jar:/home/daniellygj/.m2/repository/org/openjfx/javafx.base/11.0.0-SNAPSHOT/javafx.base-11.0.0-SNAPSHOT-mac.jar:/home/daniellygj/.m2/repository/org/openjfx/javafx.base/11.0.0-SNAPSHOT/javafx.base-11.0.0-SNAPSHOT-win.jar:/home/daniellygj/.m2/repository/org/springframework/spring-webmvc/5.0.8.RELEASE/spring-webmvc-5.0.8.RELEASE.jar:/home/daniellygj/.m2/repository/com/fasterxml/jackson/core/jackson-core/2.10.3/jackson-core-2.10.3.jar:/home/daniellygj/.m2/repository/org/mockito/mockito-core/2.22.0/mockito-core-2.22.0.jar:/home/daniellygj/.m2/repository/net/bytebuddy/byte-buddy/1.7.11/byte-buddy-1.7.11.jar:/home/daniellygj/.m2/repository/net/bytebuddy/byte-buddy-agent/1.7.11/byte-buddy-agent-1.7.11.jar:/home/daniellygj/.m2/repository/org/objenesis/objenesis/2.6/objenesis-2.6.jar:/home/daniellygj/.m2/repository/junit/junit/4.12/junit-4.12.jar:/home/daniellygj/.m2/repository/org/springframework/boot/spring-boot-starter-mail/2.0.4.RELEASE/spring-boot-starter-mail-2.0.4.RELEASE.jar:/home/daniellygj/.m2/repository/org/springframework/spring-context/5.0.8.RELEASE/spring-context-5.0.8.RELEASE.jar:/home/daniellygj/.m2/repository/org/springframework/spring-context-support/5.0.8.RELEASE/spring-context-support-5.0.8.RELEASE.jar:/home/daniellygj/.m2/repository/com/sun/mail/javax.mail/1.6.1/javax.mail-1.6.1.jar:/home/daniellygj/.m2/repository/javax/activation/activation/1.1/activation-1.1.jar:/home/daniellygj/.m2/repository/org/json/json/20190722/json-20190722.jar:/home/daniellygj/.m2/repository/io/jsonwebtoken/jjwt/0.6.0/jjwt-0.6.0.jar:/home/daniellygj/.m2/repository/io/springfox/springfox-swagger2/2.9.2/springfox-swagger2-2.9.2.jar:/home/daniellygj/.m2/repository/io/swagger/swagger-annotations/1.5.20/swagger-annotations-1.5.20.jar:/home/daniellygj/.m2/repository/io/swagger/swagger-models/1.5.20/swagger-models-1.5.20.jar:/home/daniellygj/.m2/repository/io/springfox/springfox-spi/2.9.2/springfox-spi-2.9.2.jar:/home/daniellygj/.m2/repository/io/springfox/springfox-core/2.9.2/springfox-core-2.9.2.jar:/home/daniellygj/.m2/repository/io/springfox/springfox-schema/2.9.2/springfox-schema-2.9.2.jar:/home/daniellygj/.m2/repository/io/springfox/springfox-swagger-common/2.9.2/springfox-swagger-common-2.9.2.jar:/home/daniellygj/.m2/repository/io/springfox/springfox-spring-web/2.9.2/springfox-spring-web-2.9.2.jar:/home/daniellygj/.m2/repository/com/google/guava/guava/20.0/guava-20.0.jar:/home/daniellygj/.m2/repository/com/fasterxml/classmate/1.3.4/classmate-1.3.4.jar:/home/daniellygj/.m2/repository/org/slf4j/slf4j-api/1.7.25/slf4j-api-1.7.25.jar:/home/daniellygj/.m2/repository/org/springframework/plugin/spring-plugin-core/1.2.0.RELEASE/spring-plugin-core-1.2.0.RELEASE.jar:/home/daniellygj/.m2/repository/org/springframework/plugin/spring-plugin-metadata/1.2.0.RELEASE/spring-plugin-metadata-1.2.0.RELEASE.jar:/home/daniellygj/.m2/repository/org/mapstruct/mapstruct/1.2.0.Final/mapstruct-1.2.0.Final.jar:/home/daniellygj/.m2/repository/io/springfox/springfox-swagger-ui/2.9.2/springfox-swagger-ui-2.9.2.jar:/home/daniellygj/.m2/repository/javax/xml/bind/jaxb-api/2.3.0/jaxb-api-2.3.0.jar:, java.vm.vendor=Ubuntu, sun.arch.data.model=64, java.vendor.url=https://ubuntu.com/, user.timezone=America/Sao_Paulo, os.name=Linux, java.vm.specification.version=11, sun.java.launcher=SUN_STANDARD, user.country=US, sun.boot.library.path=/usr/lib/jvm/java-11-openjdk-amd64/lib, sun.java.command=/home/daniellygj/Documents/git/AntenasService/target/surefire/surefirebooter4232943235059260370.jar /home/daniellygj/Documents/git/AntenasService/target/surefire 2020-05-30T22-38-39_242-jvmRun1 surefire16634793694965497600tmp surefire_010796137262347495979tmp, jdk.debug=release, surefire.test.class.path=/home/daniellygj/Documents/git/AntenasService/target/test-classes:/home/daniellygj/Documents/git/AntenasService/target/classes:/home/daniellygj/.m2/repository/com/fasterxml/jackson/dataformat/jackson-dataformat-xml/2.10.3/jackson-dataformat-xml-2.10.3.jar:/home/daniellygj/.m2/repository/com/fasterxml/jackson/core/jackson-annotations/2.9.0/jackson-annotations-2.9.0.jar:/home/daniellygj/.m2/repository/com/fasterxml/jackson/core/jackson-databind/2.9.6/jackson-databind-2.9.6.jar:/home/daniellygj/.m2/repository/com/fasterxml/jackson/module/jackson-module-jaxb-annotations/2.9.6/jackson-module-jaxb-annotations-2.9.6.jar:/home/daniellygj/.m2/repository/org/codehaus/woodstox/stax2-api/4.2/stax2-api-4.2.jar:/home/daniellygj/.m2/repository/com/fasterxml/woodstox/woodstox-core/6.1.1/woodstox-core-6.1.1.jar:/home/daniellygj/.m2/repository/org/javassist/javassist/3.23.1-GA/javassist-3.23.1-GA.jar:/home/daniellygj/.m2/repository/org/projectlombok/lombok/1.18.10/lombok-1.18.10.jar:/home/daniellygj/.m2/repository/org/springframework/spring-web/5.0.8.RELEASE/spring-web-5.0.8.RELEASE.jar:/home/daniellygj/.m2/repository/org/springframework/spring-beans/5.0.8.RELEASE/spring-beans-5.0.8.RELEASE.jar:/home/daniellygj/.m2/repository/org/springframework/spring-core/5.0.8.RELEASE/spring-core-5.0.8.RELEASE.jar:/home/daniellygj/.m2/repository/org/springframework/spring-jcl/5.0.8.RELEASE/spring-jcl-5.0.8.RELEASE.jar:/home/daniellygj/.m2/repository/org/springframework/boot/spring-boot-starter-data-jpa/2.0.4.RELEASE/spring-boot-starter-data-jpa-2.0.4.RELEASE.jar:/home/daniellygj/.m2/repository/org/springframework/boot/spring-boot-starter/2.0.4.RELEASE/spring-boot-starter-2.0.4.RELEASE.jar:/home/daniellygj/.m2/repository/org/springframework/boot/spring-boot/2.0.4.RELEASE/spring-boot-2.0.4.RELEASE.jar:/home/daniellygj/.m2/repository/org/springframework/boot/spring-boot-autoconfigure/2.0.4.RELEASE/spring-boot-autoconfigure-2.0.4.RELEASE.jar:/home/daniellygj/.m2/repository/org/springframework/boot/spring-boot-starter-logging/2.0.4.RELEASE/spring-boot-starter-logging-2.0.4.RELEASE.jar:/home/daniellygj/.m2/repository/ch/qos/logback/logback-classic/1.2.3/logback-classic-1.2.3.jar:/home/daniellygj/.m2/repository/ch/qos/logback/logback-core/1.2.3/logback-core-1.2.3.jar:/home/daniellygj/.m2/repository/org/apache/logging/log4j/log4j-to-slf4j/2.10.0/log4j-to-slf4j-2.10.0.jar:/home/daniellygj/.m2/repository/org/apache/logging/log4j/log4j-api/2.10.0/log4j-api-2.10.0.jar:/home/daniellygj/.m2/repository/org/slf4j/jul-to-slf4j/1.7.25/jul-to-slf4j-1.7.25.jar:/home/daniellygj/.m2/repository/javax/annotation/javax.annotation-api/1.3.2/javax.annotation-api-1.3.2.jar:/home/daniellygj/.m2/repository/org/yaml/snakeyaml/1.19/snakeyaml-1.19.jar:/home/daniellygj/.m2/repository/org/springframework/boot/spring-boot-starter-aop/2.0.4.RELEASE/spring-boot-starter-aop-2.0.4.RELEASE.jar:/home/daniellygj/.m2/repository/org/aspectj/aspectjweaver/1.8.13/aspectjweaver-1.8.13.jar:/home/daniellygj/.m2/repository/org/springframework/boot/spring-boot-starter-jdbc/2.0.4.RELEASE/spring-boot-starter-jdbc-2.0.4.RELEASE.jar:/home/daniellygj/.m2/repository/com/zaxxer/HikariCP/2.7.9/HikariCP-2.7.9.jar:/home/daniellygj/.m2/repository/org/springframework/spring-jdbc/5.0.8.RELEASE/spring-jdbc-5.0.8.RELEASE.jar:/home/daniellygj/.m2/repository/org/hibernate/hibernate-core/5.2.17.Final/hibernate-core-5.2.17.Final.jar:/home/daniellygj/.m2/repository/org/jboss/logging/jboss-logging/3.3.2.Final/jboss-logging-3.3.2.Final.jar:/home/daniellygj/.m2/repository/org/hibernate/javax/persistence/hibernate-jpa-2.1-api/1.0.2.Final/hibernate-jpa-2.1-api-1.0.2.Final.jar:/home/daniellygj/.m2/repository/antlr/antlr/2.7.7/antlr-2.7.7.jar:/home/daniellygj/.m2/repository/org/jboss/jandex/2.0.3.Final/jandex-2.0.3.Final.jar:/home/daniellygj/.m2/repository/dom4j/dom4j/1.6.1/dom4j-1.6.1.jar:/home/daniellygj/.m2/repository/org/hibernate/common/hibernate-commons-annotations/5.0.1.Final/hibernate-commons-annotations-5.0.1.Final.jar:/home/daniellygj/.m2/repository/javax/transaction/javax.transaction-api/1.2/javax.transaction-api-1.2.jar:/home/daniellygj/.m2/repository/org/springframework/data/spring-data-jpa/2.0.9.RELEASE/spring-data-jpa-2.0.9.RELEASE.jar:/home/daniellygj/.m2/repository/org/springframework/data/spring-data-commons/2.0.9.RELEASE/spring-data-commons-2.0.9.RELEASE.jar:/home/daniellygj/.m2/repository/org/springframework/spring-orm/5.0.8.RELEASE/spring-orm-5.0.8.RELEASE.jar:/home/daniellygj/.m2/repository/org/springframework/spring-tx/5.0.8.RELEASE/spring-tx-5.0.8.RELEASE.jar:/home/daniellygj/.m2/repository/org/springframework/spring-aspects/5.0.8.RELEASE/spring-aspects-5.0.8.RELEASE.jar:/home/daniellygj/.m2/repository/org/liquibase/liquibase-core/3.4.1/liquibase-core-3.4.1.jar:/home/daniellygj/.m2/repository/org/springframework/boot/spring-boot-starter-security/2.0.4.RELEASE/spring-boot-starter-security-2.0.4.RELEASE.jar:/home/daniellygj/.m2/repository/org/springframework/spring-aop/5.0.8.RELEASE/spring-aop-5.0.8.RELEASE.jar:/home/daniellygj/.m2/repository/org/springframework/security/spring-security-config/5.0.7.RELEASE/spring-security-config-5.0.7.RELEASE.jar:/home/daniellygj/.m2/repository/org/springframework/security/spring-security-core/5.0.7.RELEASE/spring-security-core-5.0.7.RELEASE.jar:/home/daniellygj/.m2/repository/org/springframework/security/spring-security-web/5.0.7.RELEASE/spring-security-web-5.0.7.RELEASE.jar:/home/daniellygj/.m2/repository/org/springframework/spring-expression/5.0.8.RELEASE/spring-expression-5.0.8.RELEASE.jar:/home/daniellygj/.m2/repository/javax/validation/validation-api/2.0.1.Final/validation-api-2.0.1.Final.jar:/home/daniellygj/.m2/repository/org/springframework/boot/spring-boot-starter-test/2.0.4.RELEASE/spring-boot-starter-test-2.0.4.RELEASE.jar:/home/daniellygj/.m2/repository/org/springframework/boot/spring-boot-test/2.0.4.RELEASE/spring-boot-test-2.0.4.RELEASE.jar:/home/daniellygj/.m2/repository/org/springframework/boot/spring-boot-test-autoconfigure/2.0.4.RELEASE/spring-boot-test-autoconfigure-2.0.4.RELEASE.jar:/home/daniellygj/.m2/repository/com/jayway/jsonpath/json-path/2.4.0/json-path-2.4.0.jar:/home/daniellygj/.m2/repository/net/minidev/json-smart/2.3/json-smart-2.3.jar:/home/daniellygj/.m2/repository/net/minidev/accessors-smart/1.2/accessors-smart-1.2.jar:/home/daniellygj/.m2/repository/org/ow2/asm/asm/5.0.4/asm-5.0.4.jar:/home/daniellygj/.m2/repository/org/assertj/assertj-core/3.9.1/assertj-core-3.9.1.jar:/home/daniellygj/.m2/repository/org/hamcrest/hamcrest-core/1.3/hamcrest-core-1.3.jar:/home/daniellygj/.m2/repository/org/hamcrest/hamcrest-library/1.3/hamcrest-library-1.3.jar:/home/daniellygj/.m2/repository/org/skyscreamer/jsonassert/1.5.0/jsonassert-1.5.0.jar:/home/daniellygj/.m2/repository/com/vaadin/external/google/android-json/0.0.20131108.vaadin1/android-json-0.0.20131108.vaadin1.jar:/home/daniellygj/.m2/repository/org/springframework/spring-test/5.0.8.RELEASE/spring-test-5.0.8.RELEASE.jar:/home/daniellygj/.m2/repository/org/xmlunit/xmlunit-core/2.5.1/xmlunit-core-2.5.1.jar:/home/daniellygj/.m2/repository/mysql/mysql-connector-java/5.1.46/mysql-connector-java-5.1.46.jar:/home/daniellygj/.m2/repository/org/springframework/boot/spring-boot-starter-web/2.0.4.RELEASE/spring-boot-starter-web-2.0.4.RELEASE.jar:/home/daniellygj/.m2/repository/org/springframework/boot/spring-boot-starter-json/2.0.4.RELEASE/spring-boot-starter-json-2.0.4.RELEASE.jar:/home/daniellygj/.m2/repository/com/fasterxml/jackson/datatype/jackson-datatype-jdk8/2.9.6/jackson-datatype-jdk8-2.9.6.jar:/home/daniellygj/.m2/repository/com/fasterxml/jackson/datatype/jackson-datatype-jsr310/2.9.6/jackson-datatype-jsr310-2.9.6.jar:/home/daniellygj/.m2/repository/com/fasterxml/jackson/module/jackson-module-parameter-names/2.9.6/jackson-module-parameter-names-2.9.6.jar:/home/daniellygj/.m2/repository/org/springframework/boot/spring-boot-starter-tomcat/2.0.4.RELEASE/spring-boot-starter-tomcat-2.0.4.RELEASE.jar:/home/daniellygj/.m2/repository/org/apache/tomcat/embed/tomcat-embed-core/8.5.32/tomcat-embed-core-8.5.32.jar:/home/daniellygj/.m2/repository/org/apache/tomcat/embed/tomcat-embed-el/8.5.32/tomcat-embed-el-8.5.32.jar:/home/daniellygj/.m2/repository/org/apache/tomcat/embed/tomcat-embed-websocket/8.5.32/tomcat-embed-websocket-8.5.32.jar:/home/daniellygj/.m2/repository/org/hibernate/validator/hibernate-validator/6.0.11.Final/hibernate-validator-6.0.11.Final.jar:/home/daniellygj/.m2/repository/org/openjfx/javafx.base/11.0.0-SNAPSHOT/javafx.base-11.0.0-SNAPSHOT.jar:/home/daniellygj/.m2/repository/org/openjfx/javafx.base/11.0.0-SNAPSHOT/javafx.base-11.0.0-SNAPSHOT-linux.jar:/home/daniellygj/.m2/repository/org/openjfx/javafx.base/11.0.0-SNAPSHOT/javafx.base-11.0.0-SNAPSHOT-mac.jar:/home/daniellygj/.m2/repository/org/openjfx/javafx.base/11.0.0-SNAPSHOT/javafx.base-11.0.0-SNAPSHOT-win.jar:/home/daniellygj/.m2/repository/org/springframework/spring-webmvc/5.0.8.RELEASE/spring-webmvc-5.0.8.RELEASE.jar:/home/daniellygj/.m2/repository/com/fasterxml/jackson/core/jackson-core/2.10.3/jackson-core-2.10.3.jar:/home/daniellygj/.m2/repository/org/mockito/mockito-core/2.22.0/mockito-core-2.22.0.jar:/home/daniellygj/.m2/repository/net/bytebuddy/byte-buddy/1.7.11/byte-buddy-1.7.11.jar:/home/daniellygj/.m2/repository/net/bytebuddy/byte-buddy-agent/1.7.11/byte-buddy-agent-1.7.11.jar:/home/daniellygj/.m2/repository/org/objenesis/objenesis/2.6/objenesis-2.6.jar:/home/daniellygj/.m2/repository/junit/junit/4.12/junit-4.12.jar:/home/daniellygj/.m2/repository/org/springframework/boot/spring-boot-starter-mail/2.0.4.RELEASE/spring-boot-starter-mail-2.0.4.RELEASE.jar:/home/daniellygj/.m2/repository/org/springframework/spring-context/5.0.8.RELEASE/spring-context-5.0.8.RELEASE.jar:/home/daniellygj/.m2/repository/org/springframework/spring-context-support/5.0.8.RELEASE/spring-context-support-5.0.8.RELEASE.jar:/home/daniellygj/.m2/repository/com/sun/mail/javax.mail/1.6.1/javax.mail-1.6.1.jar:/home/daniellygj/.m2/repository/javax/activation/activation/1.1/activation-1.1.jar:/home/daniellygj/.m2/repository/org/json/json/20190722/json-20190722.jar:/home/daniellygj/.m2/repository/io/jsonwebtoken/jjwt/0.6.0/jjwt-0.6.0.jar:/home/daniellygj/.m2/repository/io/springfox/springfox-swagger2/2.9.2/springfox-swagger2-2.9.2.jar:/home/daniellygj/.m2/repository/io/swagger/swagger-annotations/1.5.20/swagger-annotations-1.5.20.jar:/home/daniellygj/.m2/repository/io/swagger/swagger-models/1.5.20/swagger-models-1.5.20.jar:/home/daniellygj/.m2/repository/io/springfox/springfox-spi/2.9.2/springfox-spi-2.9.2.jar:/home/daniellygj/.m2/repository/io/springfox/springfox-core/2.9.2/springfox-core-2.9.2.jar:/home/daniellygj/.m2/repository/io/springfox/springfox-schema/2.9.2/springfox-schema-2.9.2.jar:/home/daniellygj/.m2/repository/io/springfox/springfox-swagger-common/2.9.2/springfox-swagger-common-2.9.2.jar:/home/daniellygj/.m2/repository/io/springfox/springfox-spring-web/2.9.2/springfox-spring-web-2.9.2.jar:/home/daniellygj/.m2/repository/com/google/guava/guava/20.0/guava-20.0.jar:/home/daniellygj/.m2/repository/com/fasterxml/classmate/1.3.4/classmate-1.3.4.jar:/home/daniellygj/.m2/repository/org/slf4j/slf4j-api/1.7.25/slf4j-api-1.7.25.jar:/home/daniellygj/.m2/repository/org/springframework/plugin/spring-plugin-core/1.2.0.RELEASE/spring-plugin-core-1.2.0.RELEASE.jar:/home/daniellygj/.m2/repository/org/springframework/plugin/spring-plugin-metadata/1.2.0.RELEASE/spring-plugin-metadata-1.2.0.RELEASE.jar:/home/daniellygj/.m2/repository/org/mapstruct/mapstruct/1.2.0.Final/mapstruct-1.2.0.Final.jar:/home/daniellygj/.m2/repository/io/springfox/springfox-swagger-ui/2.9.2/springfox-swagger-ui-2.9.2.jar:/home/daniellygj/.m2/repository/javax/xml/bind/jaxb-api/2.3.0/jaxb-api-2.3.0.jar:, sun.cpu.endian=little, user.home=/home/daniellygj, user.language=en, java.specification.vendor=Oracle Corporation, java.version.date=2020-04-14, java.home=/usr/lib/jvm/java-11-openjdk-amd64, file.separator=/, basedir=/home/daniellygj/Documents/git/AntenasService, java.vm.compressedOopsMode=Zero based, line.separator=
, java.specification.name=Java Platform API Specification, java.vm.specification.vendor=Oracle Corporation, java.awt.graphicsenv=sun.awt.X11GraphicsEnvironment, surefire.real.class.path=/home/daniellygj/Documents/git/AntenasService/target/surefire/surefirebooter4232943235059260370.jar, sun.management.compiler=HotSpot 64-Bit Tiered Compilers, java.runtime.version=11.0.7+10-post-Ubuntu-2ubuntu218.04, user.name=daniellygj, path.separator=:, os.version=5.0.0-32-generic, java.runtime.name=OpenJDK Runtime Environment, file.encoding=UTF-8, java.vm.name=OpenJDK 64-Bit Server VM, localRepository=/home/daniellygj/.m2/repository, java.vendor.url.bug=https://bugs.launchpad.net/ubuntu/+source/openjdk-lts, java.io.tmpdir=/tmp, java.version=11.0.7, user.dir=/home/daniellygj/Documents/git/AntenasService, os.arch=amd64, java.vm.specification.name=Java Virtual Machine Specification, java.awt.printerjob=sun.print.PSPrinterJob, sun.os.patch.level=unknown, java.library.path=/usr/java/packages/lib:/usr/lib/x86_64-linux-gnu/jni:/lib/x86_64-linux-gnu:/usr/lib/x86_64-linux-gnu:/usr/lib/jni:/lib:/usr/lib, java.vendor=Ubuntu, java.vm.info=mixed mode, sharing, java.vm.version=11.0.7+10-post-Ubuntu-2ubuntu218.04, sun.io.unicode.encoding=UnicodeLittle, java.class.version=55.0}}, SystemEnvironmentPropertySource@1267981674 {name='systemEnvironment', properties={PATH=/usr/local/sbin:/usr/local/bin:/usr/sbin:/usr/bin:/sbin:/bin:/usr/games:/usr/local/games, LC_MEASUREMENT=pt_BR.UTF-8, XAUTHORITY=/home/daniellygj/.Xauthority, LC_TELEPHONE=pt_BR.UTF-8, XDG_DATA_DIRS=/usr/share/cinnamon:/usr/share/gnome:/home/daniellygj/.local/share/flatpak/exports/share:/var/lib/flatpak/exports/share:/usr/local/share:/usr/share, GDMSESSION=cinnamon, DBUS_SESSION_BUS_ADDRESS=unix:path=/run/user/1000/bus, XDG_CURRENT_DESKTOP=X-Cinnamon, SSH_AGENT_PID=1575, LC_PAPER=pt_BR.UTF-8, SESSION_MANAGER=local/daniellygj-Inspiron-7560:@/tmp/.ICE-unix/1508,unix/daniellygj-Inspiron-7560:/tmp/.ICE-unix/1508, LOGNAME=daniellygj, PWD=/home/daniellygj/Documents/git/AntenasService, LANGUAGE=en_US, GJS_DEBUG_TOPICS=JS ERROR;JS LOG, SHELL=/bin/bash, LESSOPEN=| /usr/bin/lesspipe %s, LC_ADDRESS=pt_BR.UTF-8, GIO_LAUNCHED_DESKTOP_FILE=/home/daniellygj/.local/share/applications/jetbrains-idea.desktop, OLDPWD=/home/daniellygj/Documents/git/AntenasService, GNOME_DESKTOP_SESSION_ID=this-is-deprecated, GTK_MODULES=gail:atk-bridge, XDG_SESSION_PATH=/org/freedesktop/DisplayManager/Session0, LS_COLORS=rs=0:di=01;34:ln=01;36:mh=00:pi=40;33:so=01;35:do=01;35:bd=40;33;01:cd=40;33;01:or=40;31;01:mi=00:su=37;41:sg=30;43:ca=30;41:tw=30;42:ow=34;42:st=37;44:ex=01;32:*.tar=01;31:*.tgz=01;31:*.arc=01;31:*.arj=01;31:*.taz=01;31:*.lha=01;31:*.lz4=01;31:*.lzh=01;31:*.lzma=01;31:*.tlz=01;31:*.txz=01;31:*.tzo=01;31:*.t7z=01;31:*.zip=01;31:*.z=01;31:*.Z=01;31:*.dz=01;31:*.gz=01;31:*.lrz=01;31:*.lz=01;31:*.lzo=01;31:*.xz=01;31:*.zst=01;31:*.tzst=01;31:*.bz2=01;31:*.bz=01;31:*.tbz=01;31:*.tbz2=01;31:*.tz=01;31:*.deb=01;31:*.rpm=01;31:*.jar=01;31:*.war=01;31:*.ear=01;31:*.sar=01;31:*.rar=01;31:*.alz=01;31:*.ace=01;31:*.zoo=01;31:*.cpio=01;31:*.7z=01;31:*.rz=01;31:*.cab=01;31:*.wim=01;31:*.swm=01;31:*.dwm=01;31:*.esd=01;31:*.jpg=01;35:*.jpeg=01;35:*.mjpg=01;35:*.mjpeg=01;35:*.gif=01;35:*.bmp=01;35:*.pbm=01;35:*.pgm=01;35:*.ppm=01;35:*.tga=01;35:*.xbm=01;35:*.xpm=01;35:*.tif=01;35:*.tiff=01;35:*.png=01;35:*.svg=01;35:*.svgz=01;35:*.mng=01;35:*.pcx=01;35:*.mov=01;35:*.mpg=01;35:*.mpeg=01;35:*.m2v=01;35:*.mkv=01;35:*.webm=01;35:*.ogm=01;35:*.mp4=01;35:*.m4v=01;35:*.mp4v=01;35:*.vob=01;35:*.qt=01;35:*.nuv=01;35:*.wmv=01;35:*.asf=01;35:*.rm=01;35:*.rmvb=01;35:*.flc=01;35:*.avi=01;35:*.fli=01;35:*.flv=01;35:*.gl=01;35:*.dl=01;35:*.xcf=01;35:*.xwd=01;35:*.yuv=01;35:*.cgm=01;35:*.emf=01;35:*.ogv=01;35:*.ogx=01;35:*.aac=00;36:*.au=00;36:*.flac=00;36:*.m4a=00;36:*.mid=00;36:*.midi=00;36:*.mka=00;36:*.mp3=00;36:*.mpc=00;36:*.ogg=00;36:*.ra=00;36:*.wav=00;36:*.oga=00;36:*.opus=00;36:*.spx=00;36:*.xspf=00;36:, XDG_SESSION_DESKTOP=cinnamon, SHLVL=1, LC_IDENTIFICATION=pt_BR.UTF-8, LESSCLOSE=/usr/bin/lesspipe %s %s, LC_MONETARY=pt_BR.UTF-8, TERM=xterm-256color, XDG_CONFIG_DIRS=/etc/xdg/xdg-cinnamon:/etc/xdg, LANG=en_US.UTF-8, XDG_SEAT_PATH=/org/freedesktop/DisplayManager/Seat0, XDG_SESSION_ID=c2, XDG_SESSION_TYPE=x11, DISPLAY=:0, CINNAMON_VERSION=4.4.8, LC_NAME=pt_BR.UTF-8, MAVEN_CMD_LINE_ARGS= clean install, _=/usr/bin/mvn, GDM_LANG=en_US, XDG_GREETER_DATA_DIR=/var/lib/lightdm-data/daniellygj, GPG_AGENT_INFO=/run/user/1000/gnupg/S.gpg-agent:0:1, MAVEN_PROJECTBASEDIR=/home/daniellygj/Documents/git/AntenasService, DESKTOP_SESSION=cinnamon, USER=daniellygj, GIO_LAUNCHED_DESKTOP_FILE_PID=22818, QT_ACCESSIBILITY=1, TERMINAL_EMULATOR=JetBrains-JediTerm, LC_NUMERIC=pt_BR.UTF-8, GJS_DEBUG_OUTPUT=stderr, SSH_AUTH_SOCK=/run/user/1000/keyring/ssh, XDG_SEAT=seat0, GTK_OVERLAY_SCROLLING=1, QT_QPA_PLATFORMTHEME=qt5ct, XDG_VTNR=7, XDG_RUNTIME_DIR=/run/user/1000, HOME=/home/daniellygj}}]
22:38:44.343 [main] DEBUG org.springframework.web.servlet.mvc.method.annotation.RequestMappingHandlerMapping - Looking for request mappings in application context: org.springframework.test.web.servlet.setup.StubWebApplicationContext@47569167
22:38:44.347 [main] DEBUG org.springframework.web.servlet.mvc.method.annotation.RequestMappingHandlerMapping - 6 request handler methods found on class br.gov.sp.fatec.student.controller.StudentController: {public br.gov.sp.fatec.student.domain.Student br.gov.sp.fatec.student.controller.StudentController.update(java.lang.Long,br.gov.sp.fatec.student.domain.Student)={[/dev/student/{id}],methods=[PUT]}, public br.gov.sp.fatec.student.domain.Student br.gov.sp.fatec.student.controller.StudentController.create(br.gov.sp.fatec.student.domain.Student)={[/dev/student],methods=[POST],consumes=[application/json],produces=[application/json]}, public java.util.List br.gov.sp.fatec.student.controller.StudentController.findAll()={[/dev/student],methods=[GET],produces=[application/json]}, public java.util.List br.gov.sp.fatec.student.controller.StudentController.findActive()={[/dev/student/active],methods=[GET]}, public br.gov.sp.fatec.student.domain.Student br.gov.sp.fatec.student.controller.StudentController.findById(java.lang.Long)={[/dev/student/{id}],methods=[GET],produces=[application/json]}, public void br.gov.sp.fatec.student.controller.StudentController.activate(java.lang.String)={[/dev/student/activate/{b64}],methods=[GET]}}
22:38:44.347 [main] INFO org.springframework.web.servlet.mvc.method.annotation.RequestMappingHandlerMapping - Mapped "{[/dev/student/{id}],methods=[PUT]}" onto public br.gov.sp.fatec.student.domain.Student br.gov.sp.fatec.student.controller.StudentController.update(java.lang.Long,br.gov.sp.fatec.student.domain.Student)
22:38:44.347 [main] INFO org.springframework.web.servlet.mvc.method.annotation.RequestMappingHandlerMapping - Mapped "{[/dev/student],methods=[POST],consumes=[application/json],produces=[application/json]}" onto public br.gov.sp.fatec.student.domain.Student br.gov.sp.fatec.student.controller.StudentController.create(br.gov.sp.fatec.student.domain.Student)
22:38:44.347 [main] INFO org.springframework.web.servlet.mvc.method.annotation.RequestMappingHandlerMapping - Mapped "{[/dev/student],methods=[GET],produces=[application/json]}" onto public java.util.List<br.gov.sp.fatec.student.domain.Student> br.gov.sp.fatec.student.controller.StudentController.findAll()
22:38:44.348 [main] INFO org.springframework.web.servlet.mvc.method.annotation.RequestMappingHandlerMapping - Mapped "{[/dev/student/active],methods=[GET]}" onto public java.util.List<br.gov.sp.fatec.student.domain.Student> br.gov.sp.fatec.student.controller.StudentController.findActive()
22:38:44.348 [main] INFO org.springframework.web.servlet.mvc.method.annotation.RequestMappingHandlerMapping - Mapped "{[/dev/student/{id}],methods=[GET],produces=[application/json]}" onto public br.gov.sp.fatec.student.domain.Student br.gov.sp.fatec.student.controller.StudentController.findById(java.lang.Long)
22:38:44.348 [main] INFO org.springframework.web.servlet.mvc.method.annotation.RequestMappingHandlerMapping - Mapped "{[/dev/student/activate/{b64}],methods=[GET]}" onto public void br.gov.sp.fatec.student.controller.StudentController.activate(java.lang.String)
22:38:44.353 [main] DEBUG org.hibernate.validator.internal.engine.resolver.TraversableResolvers - Found javax.persistence.Persistence on classpath containing 'getPersistenceUtil'. Assuming JPA 2 environment. Trying to instantiate JPA aware TraversableResolver
22:38:44.353 [main] DEBUG org.hibernate.validator.internal.engine.resolver.TraversableResolvers - Instantiated JPA aware TraversableResolver of type org.hibernate.validator.internal.engine.resolver.JPATraversableResolver.
22:38:44.353 [main] DEBUG org.hibernate.validator.messageinterpolation.ResourceBundleMessageInterpolator - Loaded expression factory via original TCCL
22:38:44.353 [main] DEBUG org.hibernate.validator.internal.engine.ConfigurationImpl - Setting custom MessageInterpolator of type org.springframework.validation.beanvalidation.LocaleContextMessageInterpolator
22:38:44.353 [main] DEBUG org.hibernate.validator.internal.engine.ConfigurationImpl - Setting custom ParameterNameProvider of type org.springframework.validation.beanvalidation.LocalValidatorFactoryBean$1
22:38:44.353 [main] DEBUG org.hibernate.validator.internal.xml.config.ValidationXmlParser - Trying to load META-INF/validation.xml for XML based Validator configuration.
22:38:44.355 [main] DEBUG org.hibernate.validator.internal.xml.config.ResourceLoaderHelper - Trying to load META-INF/validation.xml via TCCL
22:38:44.356 [main] DEBUG org.hibernate.validator.internal.xml.config.ResourceLoaderHelper - Trying to load META-INF/validation.xml via Hibernate Validator's class loader
22:38:44.356 [main] DEBUG org.hibernate.validator.internal.xml.config.ValidationXmlParser - No META-INF/validation.xml found. Using annotation based configuration only.
22:38:44.358 [main] DEBUG org.hibernate.validator.internal.engine.ValidatorFactoryImpl - HV000234: Using org.springframework.validation.beanvalidation.LocaleContextMessageInterpolator as ValidatorFactory-scoped message interpolator.
22:38:44.358 [main] DEBUG org.hibernate.validator.internal.engine.ValidatorFactoryImpl - HV000234: Using org.hibernate.validator.internal.engine.resolver.JPATraversableResolver as ValidatorFactory-scoped traversable resolver.
22:38:44.358 [main] DEBUG org.hibernate.validator.internal.engine.ValidatorFactoryImpl - HV000234: Using org.hibernate.validator.internal.util.ExecutableParameterNameProvider as ValidatorFactory-scoped parameter name provider.
22:38:44.358 [main] DEBUG org.hibernate.validator.internal.engine.ValidatorFactoryImpl - HV000234: Using org.hibernate.validator.internal.engine.DefaultClockProvider as ValidatorFactory-scoped clock provider.
22:38:44.358 [main] DEBUG org.hibernate.validator.internal.engine.ValidatorFactoryImpl - HV000234: Using org.hibernate.validator.internal.engine.scripting.DefaultScriptEvaluatorFactory as ValidatorFactory-scoped script evaluator factory.
22:38:44.359 [main] INFO org.springframework.web.servlet.mvc.method.annotation.RequestMappingHandlerAdapter - Looking for @ControllerAdvice: org.springframework.test.web.servlet.setup.StubWebApplicationContext@47569167
22:38:44.361 [main] DEBUG org.springframework.web.servlet.mvc.method.annotation.ExceptionHandlerExceptionResolver - Looking for exception mappings: org.springframework.test.web.servlet.setup.StubWebApplicationContext@47569167
22:38:44.361 [main] DEBUG org.springframework.test.web.servlet.TestDispatcherServlet - Initializing servlet ''
22:38:44.361 [main] INFO org.springframework.mock.web.MockServletContext - Initializing Spring FrameworkServlet ''
22:38:44.361 [main] INFO org.springframework.test.web.servlet.TestDispatcherServlet - FrameworkServlet '': initialization started
22:38:44.361 [main] DEBUG org.springframework.test.web.servlet.TestDispatcherServlet - Unable to locate MultipartResolver with name 'multipartResolver': no multipart request handling provided
22:38:44.361 [main] DEBUG org.springframework.test.web.servlet.TestDispatcherServlet - Using LocaleResolver [org.springframework.web.servlet.i18n.AcceptHeaderLocaleResolver@359ceb13]
22:38:44.361 [main] DEBUG org.springframework.test.web.servlet.TestDispatcherServlet - Using ThemeResolver [org.springframework.web.servlet.theme.FixedThemeResolver@1068176]
22:38:44.361 [main] DEBUG org.springframework.test.web.servlet.TestDispatcherServlet - Using RequestToViewNameTranslator [org.springframework.web.servlet.view.DefaultRequestToViewNameTranslator@5bf4764d]
22:38:44.361 [main] DEBUG org.springframework.test.web.servlet.TestDispatcherServlet - Using FlashMapManager [org.springframework.web.servlet.support.SessionFlashMapManager@71789580]
22:38:44.361 [main] DEBUG org.springframework.test.web.servlet.TestDispatcherServlet - Published WebApplicationContext of servlet '' as ServletContext attribute with name [org.springframework.web.servlet.FrameworkServlet.CONTEXT.]
22:38:44.361 [main] INFO org.springframework.test.web.servlet.TestDispatcherServlet - FrameworkServlet '': initialization completed in 0 ms
22:38:44.361 [main] DEBUG org.springframework.test.web.servlet.TestDispatcherServlet - Servlet '' configured successfully
22:38:44.363 [main] DEBUG org.springframework.test.web.servlet.TestDispatcherServlet - DispatcherServlet with name '' processing POST request for [/dev/student/login]
22:38:44.369 [main] DEBUG org.springframework.web.servlet.mvc.method.annotation.RequestMappingHandlerMapping - Looking up handler method for path /dev/student/login
22:38:44.370 [main] DEBUG org.springframework.web.servlet.mvc.method.annotation.ExceptionHandlerExceptionResolver - Resolving exception from handler [null]: org.springframework.web.HttpRequestMethodNotSupportedException: Request method 'POST' not supported
22:38:44.370 [main] DEBUG org.springframework.web.servlet.mvc.annotation.ResponseStatusExceptionResolver - Resolving exception from handler [null]: org.springframework.web.HttpRequestMethodNotSupportedException: Request method 'POST' not supported
22:38:44.370 [main] DEBUG org.springframework.web.servlet.mvc.support.DefaultHandlerExceptionResolver - Resolving exception from handler [null]: org.springframework.web.HttpRequestMethodNotSupportedException: Request method 'POST' not supported
22:38:44.370 [main] WARN org.springframework.web.servlet.PageNotFound - Request method 'POST' not supported
22:38:44.370 [main] DEBUG org.springframework.test.web.servlet.TestDispatcherServlet - Null ModelAndView returned to DispatcherServlet with name '': assuming HandlerAdapter completed request handling
22:38:44.370 [main] DEBUG org.springframework.test.web.servlet.TestDispatcherServlet - Successfully completed request
]]></system-out>
  </testcase>
  <testcase name="findAll_shouldSucceed" classname="br.gov.sp.fatec.student.controller.StudentControllerTest" time="0.12"/>
  <testcase name="findById_shouldSucceed" classname="br.gov.sp.fatec.student.controller.StudentControllerTest" time="0.097"/>
  <testcase name="activate_shouldSucceed" classname="br.gov.sp.fatec.student.controller.StudentControllerTest" time="0.123"/>
  <testcase name="update_ShouldSucceed" classname="br.gov.sp.fatec.student.controller.StudentControllerTest" time="0.1"/>
</testsuite>